#
# There is insufficient memory for the Java Runtime Environment to continue.
# Native memory allocation (malloc) failed to allocate 32744 bytes for ChunkPool::allocate
# Possible reasons:
#   The system is out of physical RAM or swap space
#   In 32 bit mode, the process size limit was hit
# Possible solutions:
#   Reduce memory load on the system
#   Increase physical memory or swap space
#   Check if swap backing store is full
#   Use 64 bit Java on a 64 bit OS
#   Decrease Java heap size (-Xmx/-Xms)
#   Decrease number of Java threads
#   Decrease Java thread stack sizes (-Xss)
#   Set larger code cache with -XX:ReservedCodeCacheSize=
# This output file may be truncated or incomplete.
#
#  Out of Memory Error (allocation.cpp:273), pid=3976, tid=6788
#
# JRE version: Java(TM) SE Runtime Environment (8.0_65-b17) (build 1.8.0_65-b17)
# Java VM: Java HotSpot(TM) 64-Bit Server VM (25.65-b01 mixed mode windows-amd64 compressed oops)
# Failed to write core dump. Minidumps are not enabled by default on client versions of Windows
#

---------------  T H R E A D  ---------------

Current thread (0x0000000014765800):  JavaThread "C1 CompilerThread1" daemon [_thread_in_native, id=6788, stack(0x0000000015840000,0x0000000015940000)]

Stack: [0x0000000015840000,0x0000000015940000]
[error occurred during error reporting (printing stack bounds), id 0xc0000005]

Native frames: (J=compiled Java code, j=interpreted, Vv=VM code, C=native code)


Current CompileTask:
C1:   1596   84       3       sun.nio.cs.UTF_8$Decoder::decode (779 bytes)


---------------  P R O C E S S  ---------------

Java Threads: ( => current thread )
  0x000000001476c000 JavaThread "Service Thread" daemon [_thread_blocked, id=7000, stack(0x0000000015940000,0x0000000015a40000)]
=>0x0000000014765800 JavaThread "C1 CompilerThread1" daemon [_thread_in_native, id=6788, stack(0x0000000015840000,0x0000000015940000)]
  0x000000001470a800 JavaThread "C2 CompilerThread0" daemon [_thread_blocked, id=5272, stack(0x0000000015740000,0x0000000015840000)]
  0x0000000014709000 JavaThread "Attach Listener" daemon [_thread_blocked, id=9740, stack(0x0000000015640000,0x0000000015740000)]
  0x0000000014706000 JavaThread "Signal Dispatcher" daemon [_thread_blocked, id=1852, stack(0x0000000015540000,0x0000000015640000)]
  0x000000000226d800 JavaThread "Finalizer" daemon [_thread_blocked, id=3664, stack(0x0000000015340000,0x0000000015440000)]
  0x000000000226a800 JavaThread "Reference Handler" daemon [_thread_blocked, id=196, stack(0x0000000015240000,0x0000000015340000)]
  0x0000000002180800 JavaThread "main" [_thread_in_vm, id=3524, stack(0x0000000001e50000,0x0000000001f50000)]

Other Threads:
  0x00000000146d7000 VMThread [stack: 0x0000000015140000,0x0000000015240000] [id=8152]
  0x0000000014779800 WatcherThread [stack: 0x0000000015a40000,0x0000000015b40000] [id=2264]

VM state:not at safepoint (normal execution)

VM Mutex/Monitor currently owned by a thread:  ([mutex/lock_event])
[0x000000000217bf60] AdapterHandlerLibrary_lock - owner thread: 0x0000000002180800

Heap:
 PSYoungGen      total 38400K, used 3335K [0x00000000eab00000, 0x00000000ed580000, 0x0000000100000000)
  eden space 33280K, 10% used [0x00000000eab00000,0x00000000eae41d48,0x00000000ecb80000)
  from space 5120K, 0% used [0x00000000ed080000,0x00000000ed080000,0x00000000ed580000)
  to   space 5120K, 0% used [0x00000000ecb80000,0x00000000ecb80000,0x00000000ed080000)
 ParOldGen       total 87552K, used 0K [0x00000000c0000000, 0x00000000c5580000, 0x00000000eab00000)
  object space 87552K, 0% used [0x00000000c0000000,0x00000000c0000000,0x00000000c5580000)
 Metaspace       used 3257K, capacity 4720K, committed 4864K, reserved 1056768K
  class space    used 363K, capacity 424K, committed 512K, reserved 1048576K

Card table byte_map: [0x0000000011640000,0x0000000011850000] byte_map_base: 0x0000000011040000

Marking Bits: (ParMarkBitMap*) 0x000000007127a5b0
 Begin Bits: [0x0000000011bb0000, 0x0000000012bb0000)
 End Bits:   [0x0000000012bb0000, 0x0000000013bb0000)

Polling page: 0x0000000000410000

CodeCache: size=245760Kb used=1212Kb max_used=1212Kb free=244547Kb
 bounds [0x0000000002280000, 0x00000000024f0000, 0x0000000011280000]
 total_blobs=330 nmethods=90 adapters=153
 compilation: enabled

Compilation events (10 events):
Event: 1.582 Thread 0x0000000014765800 nmethod 77 0x00000000023ac190 code [0x00000000023ac2e0, 0x00000000023ac450]
Event: 1.589 Thread 0x0000000014765800   79       3       java.util.zip.ZipFile::access$400 (5 bytes)
Event: 1.590 Thread 0x0000000014765800 nmethod 79 0x00000000023aca90 code [0x00000000023acbe0, 0x00000000023acd10]
Event: 1.591 Thread 0x0000000014765800   81       1       java.util.zip.ZipFile::access$300 (5 bytes)
Event: 1.591 Thread 0x0000000014765800 nmethod 81 0x00000000023ad190 code [0x00000000023ad2e0, 0x00000000023ad3d0]
Event: 1.591 Thread 0x0000000014765800   82       3       java.util.zip.ZipFile::ensureOpen (37 bytes)
Event: 1.592 Thread 0x0000000014765800 nmethod 82 0x00000000023ad450 code [0x00000000023ad5e0, 0x00000000023ad8b8]
Event: 1.592 Thread 0x0000000014765800   83       1       java.util.zip.ZipCoder::isUTF8 (5 bytes)
Event: 1.592 Thread 0x0000000014765800 nmethod 83 0x00000000023ad9d0 code [0x00000000023adb20, 0x00000000023adc30]
Event: 1.592 Thread 0x0000000014765800   84       3       sun.nio.cs.UTF_8$Decoder::decode (779 bytes)

GC Heap History (0 events):
No events

Deoptimization events (0 events):
No events

Internal exceptions (2 events):
Event: 1.080 Thread 0x0000000002180800 Exception <a 'java/lang/NoSuchMethodError': Method sun.misc.Unsafe.defineClass(Ljava/lang/String;[BII)Ljava/lang/Class; name or signature does not match> (0x00000000eab0d710) thrown at [C:\workspace\8-2-build-windows-amd64-cygwin\jdk8u65\4987\hotspot\src\s/»˚Û≈HÒ?
Event: 1.080 Thread 0x0000000002180800 Exception <a 'java/lang/NoSuchMethodError': Method sun.misc.Unsafe.prefetchRead(Ljava/lang/Object;J)V name or signature does not match> (0x00000000eab0d9f8) thrown at [C:\workspace\8-2-build-windows-amd64-cygwin\jdk8u65\4987\hotspot\src\share\vm\prims\jni.

Events (10 events):
Event: 1.583 loading class java/util/concurrent/Executors$DelegatedExecutorService done
Event: 1.583 loading class java/util/concurrent/Executors$FinalizableDelegatedExecutorService done
Event: 1.584 loading class com/android/dx/cf/direct/ClassPathOpener
Event: 1.584 loading class com/android/dx/cf/direct/ClassPathOpener done
Event: 1.585 loading class com/android/dx/cf/direct/ClassPathOpener$1
Event: 1.585 loading class com/android/dx/cf/direct/ClassPathOpener$1 done
Event: 1.586 loading class com/android/dx/command/dexer/Main$FileBytesConsumer
Event: 1.586 loading class com/android/dx/command/dexer/Main$FileBytesConsumer done
Event: 1.588 loading class java/util/zip/ZipFile$ZipEntryIterator
Event: 1.589 loading class java/util/zip/ZipFile$ZipEntryIterator done


Dynamic libraries:
0x00007ff7b9380000 - 0x00007ff7b93b7000 	C:\Program Files\Java\jdk1.8.0_65\bin\java.exe
0x00007fffcf9a0000 - 0x00007fffcfb61000 	C:\WINDOWS\SYSTEM32\ntdll.dll
0x00007fffcf080000 - 0x00007fffcf12d000 	C:\WINDOWS\system32\KERNEL32.DLL
0x00007fffcc6a0000 - 0x00007fffcc888000 	C:\WINDOWS\system32\KERNELBASE.dll
0x00007fffcf8f0000 - 0x00007fffcf997000 	C:\WINDOWS\system32\ADVAPI32.dll
0x00007fffccda0000 - 0x00007fffcce3d000 	C:\WINDOWS\system32\msvcrt.dll
0x00007fffcf890000 - 0x00007fffcf8eb000 	C:\WINDOWS\system32\sechost.dll
0x00007fffcf170000 - 0x00007fffcf28c000 	C:\WINDOWS\system32\RPCRT4.dll
0x00007fffcf290000 - 0x00007fffcf3e6000 	C:\WINDOWS\system32\USER32.dll
0x00007fffceef0000 - 0x00007fffcf076000 	C:\WINDOWS\system32\GDI32.dll
0x00007fffc4ac0000 - 0x00007fffc4d34000 	C:\WINDOWS\WinSxS\amd64_microsoft.windows.common-controls_6595b64144ccf1df_6.0.10586.0_none_8c15ae12515e1c22\COMCTL32.dll
0x00007fffceac0000 - 0x00007fffced3d000 	C:\WINDOWS\system32\combase.dll
0x00007fffcc940000 - 0x00007fffcc9aa000 	C:\WINDOWS\system32\bcryptPrimitives.dll
0x00007fffcf630000 - 0x00007fffcf66b000 	C:\WINDOWS\system32\IMM32.DLL
0x0000000071300000 - 0x00000000713d2000 	C:\Program Files\Java\jdk1.8.0_65\jre\bin\msvcr100.dll
0x0000000070a70000 - 0x00000000712f9000 	C:\Program Files\Java\jdk1.8.0_65\jre\bin\server\jvm.dll
0x00007fffcf5c0000 - 0x00007fffcf5c8000 	C:\WINDOWS\system32\PSAPI.DLL
0x00007fffc8f50000 - 0x00007fffc8f59000 	C:\WINDOWS\SYSTEM32\WSOCK32.dll
0x00007fffcf3f0000 - 0x00007fffcf45b000 	C:\WINDOWS\system32\WS2_32.dll
0x00007fffca6f0000 - 0x00007fffca713000 	C:\WINDOWS\SYSTEM32\WINMM.dll
0x00007fffc74f0000 - 0x00007fffc74fa000 	C:\WINDOWS\SYSTEM32\VERSION.dll
0x00007fffca580000 - 0x00007fffca5ac000 	C:\WINDOWS\SYSTEM32\WINMMBASE.dll
0x00007fffcc9b0000 - 0x00007fffcc9f3000 	C:\WINDOWS\system32\cfgmgr32.dll
0x0000000070a60000 - 0x0000000070a6f000 	C:\Program Files\Java\jdk1.8.0_65\jre\bin\verify.dll
0x0000000070a30000 - 0x0000000070a59000 	C:\Program Files\Java\jdk1.8.0_65\jre\bin\java.dll
0x0000000070a10000 - 0x0000000070a26000 	C:\Program Files\Java\jdk1.8.0_65\jre\bin\zip.dll
0x00007fffcd560000 - 0x00007fffceabc000 	C:\WINDOWS\system32\SHELL32.dll
0x00007fffcc050000 - 0x00007fffcc694000 	C:\WINDOWS\system32\windows.storage.dll
0x00007fffcf830000 - 0x00007fffcf882000 	C:\WINDOWS\system32\shlwapi.dll
0x00007fffcc030000 - 0x00007fffcc03f000 	C:\WINDOWS\system32\kernel.appcore.dll
0x00007fffcca20000 - 0x00007fffccad5000 	C:\WINDOWS\system32\shcore.dll
0x00007fffcbfe0000 - 0x00007fffcc02b000 	C:\WINDOWS\system32\powrprof.dll
0x00007fffcbfc0000 - 0x00007fffcbfd4000 	C:\WINDOWS\system32\profapi.dll

VM Arguments:
jvm_args: -Djava.awt.headless=true -Xmx1024M -Dfile.encoding=windows-1252 -Duser.country=ES -Duser.language=es -Duser.variant 
java_command: com.android.dx.command.Main --dex --force-jumbo --num-threads=4 --multi-dex --output C:\Users\kuyyb\Desktop\dam2\pruebalogin2\app\build\intermediates\transforms\dex\debug\folders\1000\10\com.android.support-support-v4-23.1.1_6848e6da6d071e1aea842b402a87f17ee9d66642 C:\Users\kuyyb\Desktop\dam2\pruebalogin2\app\build\intermediates\exploded-aar\com.android.support\support-v4\23.1.1\jars\classes.jar
java_class_path (initial): C:\Users\kuyyb\AppData\Local\Android\sdk\build-tools\23.0.2\lib\dx.jar
Launcher Type: SUN_STANDARD

Environment Variables:
PATH=C:\ProgramData\Oracle\Java\javapath;C:\WINDOWS\system32;C:\WINDOWS;C:\WINDOWS\System32\Wbem;C:\WINDOWS\System32\WindowsPowerShell\v1.0\;C:\Program Files (x86)\NVIDIA Corporation\PhysX\Common;C:\WINDOWS\system32;C:\WINDOWS;C:\WINDOWS\System32\Wbem;C:\WINDOWS\System32\WindowsPowerShell\v1.0\;C:\Program Files\nodejs\;C:\Program Files (x86)\Skype\Phone\;C:\Users\kuyyb\Desktop\dam2\phyton\Django-1.9.1\django\bin;C:\Users\kuyyb\AppData\Local\Programs\Git\cmd;C:\Program Files (x86)\scala\bin;C:\Program Files (x86)\GtkSharp\2.12\bin;C:\Ruby22-x64\bin;C:\Users\kuyyb\AppData\Roaming\npm;C:\Users\kuyyb\AppData\Local\Programs\Git\cmd;C:\Python27;C:\Python27\python.exe;C:\Python27\Scripts\;C:\Python27\lib\site_packages\django\bin;C:\sqlite
USERNAME=kuyyb
OS=Windows_NT
PROCESSOR_IDENTIFIER=Intel64 Family 6 Model 61 Stepping 4, GenuineIntel



---------------  S Y S T E M  ---------------

OS: Windows 10.0 , 64 bit Build 10586 (10.0.10586.0)

CPU:total 2 (2 cores per cpu, 2 threads per core) family 6 model 61 stepping 4, cmov, cx8, fxsr, mmx, sse, sse2, sse3, ssse3, sse4.1, sse4.2, popcnt, avx, avx2, aes, clmul, erms, 3dnowpref, lzcnt, ht, tsc, tscinvbit, bmi1, bmi2, adx

Memory: 4k page, physical 8300688k(741488k free), swap 10348688k(3784k free)

vm_info: Java HotSpot(TM) 64-Bit Server VM (25.65-b01) for windows-amd64 JRE (1.8.0_65-b17), built on Oct  6 2015 16:39:20 by "java_re" with MS VC++ 10.0 (VS2010)

time: Wed May 25 18:55:16 2016
elapsed time: 1 seconds (0d 0h 0m 1s)

