#
# There is insufficient memory for the Java Runtime Environment to continue.
# Native memory allocation (malloc) failed to allocate 1709616 bytes for Chunk::new
# Possible reasons:
#   The system is out of physical RAM or swap space
#   In 32 bit mode, the process size limit was hit
# Possible solutions:
#   Reduce memory load on the system
#   Increase physical memory or swap space
#   Check if swap backing store is full
#   Use 64 bit Java on a 64 bit OS
#   Decrease Java heap size (-Xmx/-Xms)
#   Decrease number of Java threads
#   Decrease Java thread stack sizes (-Xss)
#   Set larger code cache with -XX:ReservedCodeCacheSize=
# This output file may be truncated or incomplete.
#
#  Out of Memory Error (allocation.cpp:390), pid=8620, tid=4576
#
# JRE version: Java(TM) SE Runtime Environment (8.0_65-b17) (build 1.8.0_65-b17)
# Java VM: Java HotSpot(TM) 64-Bit Server VM (25.65-b01 mixed mode windows-amd64 compressed oops)
# Failed to write core dump. Minidumps are not enabled by default on client versions of Windows
#

---------------  T H R E A D  ---------------

Current thread (0x00000000147f9800):  JavaThread "C2 CompilerThread0" daemon [_thread_in_native, id=4576, stack(0x0000000015830000,0x0000000015930000)]

Stack: [0x0000000015830000,0x0000000015930000]
[error occurred during error reporting (printing stack bounds), id 0xc0000005]

Native frames: (J=compiled Java code, j=interpreted, Vv=VM code, C=native code)


Current CompileTask:
C2:   8648 1720       4       com.android.dx.dex.code.RopToDop::dopFor (792 bytes)


---------------  P R O C E S S  ---------------

Java Threads: ( => current thread )
  0x0000000015e40800 JavaThread "pool-1-thread-1" [_thread_in_Java, id=8792, stack(0x0000000017d00000,0x0000000017e00000)]
  0x000000001485b800 JavaThread "Service Thread" daemon [_thread_blocked, id=8036, stack(0x0000000015a30000,0x0000000015b30000)]
  0x000000001484c800 JavaThread "C1 CompilerThread1" daemon [_thread_blocked, id=3592, stack(0x0000000015930000,0x0000000015a30000)]
=>0x00000000147f9800 JavaThread "C2 CompilerThread0" daemon [_thread_in_native, id=4576, stack(0x0000000015830000,0x0000000015930000)]
  0x00000000147f8000 JavaThread "Attach Listener" daemon [_thread_blocked, id=5956, stack(0x0000000015730000,0x0000000015830000)]
  0x00000000147f4800 JavaThread "Signal Dispatcher" daemon [_thread_blocked, id=1336, stack(0x0000000015630000,0x0000000015730000)]
  0x000000000225d800 JavaThread "Finalizer" daemon [_thread_blocked, id=2764, stack(0x0000000015430000,0x0000000015530000)]
  0x000000000225a800 JavaThread "Reference Handler" daemon [_thread_blocked, id=2556, stack(0x0000000015330000,0x0000000015430000)]
  0x0000000002170800 JavaThread "main" [_thread_blocked, id=6944, stack(0x0000000001fc0000,0x00000000020c0000)]

Other Threads:
  0x00000000147c7800 VMThread [stack: 0x0000000015230000,0x0000000015330000] [id=7644]
  0x0000000014869000 WatcherThread [stack: 0x0000000015b30000,0x0000000015c30000] [id=10236]

VM state:not at safepoint (normal execution)

VM Mutex/Monitor currently owned by a thread: None

Heap:
 PSYoungGen      total 138240K, used 16443K [0x00000000eab00000, 0x00000000f3700000, 0x0000000100000000)
  eden space 133120K, 8% used [0x00000000eab00000,0x00000000eb60f5e0,0x00000000f2d00000)
  from space 5120K, 99% used [0x00000000f2d00000,0x00000000f31ff7e8,0x00000000f3200000)
  to   space 5120K, 0% used [0x00000000f3200000,0x00000000f3200000,0x00000000f3700000)
 ParOldGen       total 87552K, used 41995K [0x00000000c0000000, 0x00000000c5580000, 0x00000000eab00000)
  object space 87552K, 47% used [0x00000000c0000000,0x00000000c2902f50,0x00000000c5580000)
 Metaspace       used 6815K, capacity 7544K, committed 7680K, reserved 1056768K
  class space    used 642K, capacity 688K, committed 768K, reserved 1048576K

Card table byte_map: [0x0000000011730000,0x0000000011940000] byte_map_base: 0x0000000011130000

Marking Bits: (ParMarkBitMap*) 0x000000007127a5b0
 Begin Bits: [0x0000000011ca0000, 0x0000000012ca0000)
 End Bits:   [0x0000000012ca0000, 0x0000000013ca0000)

Polling page: 0x00000000007d0000

CodeCache: size=245760Kb used=8618Kb max_used=8619Kb free=237141Kb
 bounds [0x0000000002370000, 0x0000000002bf0000, 0x0000000011370000]
 total_blobs=2460 nmethods=2190 adapters=182
 compilation: enabled

Compilation events (10 events):
Event: 8.551 Thread 0x000000001484c800 2202       2       com.android.dx.dex.code.InsnFormat::isRegListSequential (67 bytes)
Event: 8.552 Thread 0x000000001484c800 nmethod 2202 0x0000000002bc1ed0 code [0x0000000002bc2080, 0x0000000002bc2398]
Event: 8.587 Thread 0x000000001484c800 2204       2       com.android.dx.rop.code.RegisterSpecList::subset (85 bytes)
Event: 8.589 Thread 0x000000001484c800 nmethod 2204 0x0000000002be03d0 code [0x0000000002be05c0, 0x0000000002be0d28]
Event: 8.589 Thread 0x000000001484c800 2205       1       com.android.dx.dex.code.form.Form22b::codeSize (2 bytes)
Event: 8.589 Thread 0x000000001484c800 nmethod 2205 0x0000000002bbf990 code [0x0000000002bbfae0, 0x0000000002bbfbf0]
Event: 8.589 Thread 0x000000001484c800 2206       2       com.android.dx.dex.code.form.Form22t::branchFits (22 bytes)
Event: 8.590 Thread 0x000000001484c800 nmethod 2206 0x0000000002bc1810 code [0x0000000002bc19a0, 0x0000000002bc1c98]
Event: 8.607 Thread 0x000000001484c800 2208       2       com.android.dx.dex.code.SimpleInsn::withOpcode (17 bytes)
Event: 8.607 Thread 0x000000001484c800 nmethod 2208 0x0000000002bdcf90 code [0x0000000002bdd100, 0x0000000002bdd2e8]

GC Heap History (10 events):
Event: 2.703 GC heap before
{Heap before GC invocations=1 (full 0):
 PSYoungGen      total 38400K, used 33280K [0x00000000eab00000, 0x00000000ed580000, 0x0000000100000000)
  eden space 33280K, 100% used [0x00000000eab00000,0x00000000ecb80000,0x00000000ecb80000)
  from space 5120K, 0% used [0x00000000ed080000,0x00000000ed080000,0x00000000ed580000)
  to   space 5120K, 0% used [0x00000000ecb80000,0x00000000ecb80000,0x00000000ed080000)
 ParOldGen       total 87552K, used 0K [0x00000000c0000000, 0x00000000c5580000, 0x00000000eab00000)
  object space 87552K, 0% used [0x00000000c0000000,0x00000000c0000000,0x00000000c5580000)
 Metaspace       used 6027K, capacity 6960K, committed 7040K, reserved 1056768K
  class space    used 602K, capacity 616K, committed 640K, reserved 1048576K
Event: 2.733 GC heap after
Heap after GC invocations=1 (full 0):
 PSYoungGen      total 38400K, used 5113K [0x00000000eab00000, 0x00000000ef600000, 0x0000000100000000)
  eden space 33280K, 0% used [0x00000000eab00000,0x00000000eab00000,0x00000000ecb80000)
  from space 5120K, 99% used [0x00000000ecb80000,0x00000000ed07e628,0x00000000ed080000)
  to   space 5120K, 0% used [0x00000000ef100000,0x00000000ef100000,0x00000000ef600000)
 ParOldGen       total 87552K, used 1087K [0x00000000c0000000, 0x00000000c5580000, 0x00000000eab00000)
  object space 87552K, 1% used [0x00000000c0000000,0x00000000c010fed8,0x00000000c5580000)
 Metaspace       used 6027K, capacity 6960K, committed 7040K, reserved 1056768K
  class space    used 602K, capacity 616K, committed 640K, reserved 1048576K
}
Event: 3.521 GC heap before
{Heap before GC invocations=2 (full 0):
 PSYoungGen      total 38400K, used 38393K [0x00000000eab00000, 0x00000000ef600000, 0x0000000100000000)
  eden space 33280K, 100% used [0x00000000eab00000,0x00000000ecb80000,0x00000000ecb80000)
  from space 5120K, 99% used [0x00000000ecb80000,0x00000000ed07e628,0x00000000ed080000)
  to   space 5120K, 0% used [0x00000000ef100000,0x00000000ef100000,0x00000000ef600000)
 ParOldGen       total 87552K, used 1087K [0x00000000c0000000, 0x00000000c5580000, 0x00000000eab00000)
  object space 87552K, 1% used [0x00000000c0000000,0x00000000c010fed8,0x00000000c5580000)
 Metaspace       used 6204K, capacity 7088K, committed 7296K, reserved 1056768K
  class space    used 602K, capacity 616K, committed 640K, reserved 1048576K
Event: 3.557 GC heap after
Heap after GC invocations=2 (full 0):
 PSYoungGen      total 71680K, used 5111K [0x00000000eab00000, 0x00000000ef600000, 0x0000000100000000)
  eden space 66560K, 0% used [0x00000000eab00000,0x00000000eab00000,0x00000000eec00000)
  from space 5120K, 99% used [0x00000000ef100000,0x00000000ef5fde88,0x00000000ef600000)
  to   space 5120K, 0% used [0x00000000eec00000,0x00000000eec00000,0x00000000ef100000)
 ParOldGen       total 87552K, used 4758K [0x00000000c0000000, 0x00000000c5580000, 0x00000000eab00000)
  object space 87552K, 5% used [0x00000000c0000000,0x00000000c04a59f0,0x00000000c5580000)
 Metaspace       used 6204K, capacity 7088K, committed 7296K, reserved 1056768K
  class space    used 602K, capacity 616K, committed 640K, reserved 1048576K
}
Event: 4.384 GC heap before
{Heap before GC invocations=3 (full 0):
 PSYoungGen      total 71680K, used 71671K [0x00000000eab00000, 0x00000000ef600000, 0x0000000100000000)
  eden space 66560K, 100% used [0x00000000eab00000,0x00000000eec00000,0x00000000eec00000)
  from space 5120K, 99% used [0x00000000ef100000,0x00000000ef5fde88,0x00000000ef600000)
  to   space 5120K, 0% used [0x00000000eec00000,0x00000000eec00000,0x00000000ef100000)
 ParOldGen       total 87552K, used 4758K [0x00000000c0000000, 0x00000000c5580000, 0x00000000eab00000)
  object space 87552K, 5% used [0x00000000c0000000,0x00000000c04a59f0,0x00000000c5580000)
 Metaspace       used 6277K, capacity 7152K, committed 7296K, reserved 1056768K
  class space    used 603K, capacity 616K, committed 640K, reserved 1048576K
Event: 4.431 GC heap after
Heap after GC invocations=3 (full 0):
 PSYoungGen      total 71680K, used 5106K [0x00000000eab00000, 0x00000000f3700000, 0x0000000100000000)
  eden space 66560K, 0% used [0x00000000eab00000,0x00000000eab00000,0x00000000eec00000)
  from space 5120K, 99% used [0x00000000eec00000,0x00000000ef0fc868,0x00000000ef100000)
  to   space 5120K, 0% used [0x00000000f3200000,0x00000000f3200000,0x00000000f3700000)
 ParOldGen       total 87552K, used 14976K [0x00000000c0000000, 0x00000000c5580000, 0x00000000eab00000)
  object space 87552K, 17% used [0x00000000c0000000,0x00000000c0ea01d8,0x00000000c5580000)
 Metaspace       used 6277K, capacity 7152K, committed 7296K, reserved 1056768K
  class space    used 603K, capacity 616K, committed 640K, reserved 1048576K
}
Event: 5.318 GC heap before
{Heap before GC invocations=4 (full 0):
 PSYoungGen      total 71680K, used 71666K [0x00000000eab00000, 0x00000000f3700000, 0x0000000100000000)
  eden space 66560K, 100% used [0x00000000eab00000,0x00000000eec00000,0x00000000eec00000)
  from space 5120K, 99% used [0x00000000eec00000,0x00000000ef0fc868,0x00000000ef100000)
  to   space 5120K, 0% used [0x00000000f3200000,0x00000000f3200000,0x00000000f3700000)
 ParOldGen       total 87552K, used 14976K [0x00000000c0000000, 0x00000000c5580000, 0x00000000eab00000)
  object space 87552K, 17% used [0x00000000c0000000,0x00000000c0ea01d8,0x00000000c5580000)
 Metaspace       used 6395K, capacity 7192K, committed 7424K, reserved 1056768K
  class space    used 623K, capacity 656K, committed 768K, reserved 1048576K
Event: 5.384 GC heap after
Heap after GC invocations=4 (full 0):
 PSYoungGen      total 138240K, used 5118K [0x00000000eab00000, 0x00000000f3700000, 0x0000000100000000)
  eden space 133120K, 0% used [0x00000000eab00000,0x00000000eab00000,0x00000000f2d00000)
  from space 5120K, 99% used [0x00000000f3200000,0x00000000f36ffbc0,0x00000000f3700000)
  to   space 5120K, 0% used [0x00000000f2d00000,0x00000000f2d00000,0x00000000f3200000)
 ParOldGen       total 87552K, used 23914K [0x00000000c0000000, 0x00000000c5580000, 0x00000000eab00000)
  object space 87552K, 27% used [0x00000000c0000000,0x00000000c175a918,0x00000000c5580000)
 Metaspace       used 6395K, capacity 7192K, committed 7424K, reserved 1056768K
  class space    used 623K, capacity 656K, committed 768K, reserved 1048576K
}
Event: 7.464 GC heap before
{Heap before GC invocations=5 (full 0):
 PSYoungGen      total 138240K, used 138238K [0x00000000eab00000, 0x00000000f3700000, 0x0000000100000000)
  eden space 133120K, 100% used [0x00000000eab00000,0x00000000f2d00000,0x00000000f2d00000)
  from space 5120K, 99% used [0x00000000f3200000,0x00000000f36ffbc0,0x00000000f3700000)
  to   space 5120K, 0% used [0x00000000f2d00000,0x00000000f2d00000,0x00000000f3200000)
 ParOldGen       total 87552K, used 23914K [0x00000000c0000000, 0x00000000c5580000, 0x00000000eab00000)
  object space 87552K, 27% used [0x00000000c0000000,0x00000000c175a918,0x00000000c5580000)
 Metaspace       used 6514K, capacity 7256K, committed 7424K, reserved 1056768K
  class space    used 625K, capacity 656K, committed 768K, reserved 1048576K
Event: 7.601 GC heap after
Heap after GC invocations=5 (full 0):
 PSYoungGen      total 138240K, used 5117K [0x00000000eab00000, 0x00000000f3700000, 0x0000000100000000)
  eden space 133120K, 0% used [0x00000000eab00000,0x00000000eab00000,0x00000000f2d00000)
  from space 5120K, 99% used [0x00000000f2d00000,0x00000000f31ff7e8,0x00000000f3200000)
  to   space 5120K, 0% used [0x00000000f3200000,0x00000000f3200000,0x00000000f3700000)
 ParOldGen       total 87552K, used 41995K [0x00000000c0000000, 0x00000000c5580000, 0x00000000eab00000)
  object space 87552K, 47% used [0x00000000c0000000,0x00000000c2902f50,0x00000000c5580000)
 Metaspace       used 6514K, capacity 7256K, committed 7424K, reserved 1056768K
  class space    used 625K, capacity 656K, committed 768K, reserved 1048576K
}

Deoptimization events (10 events):
Event: 7.644 Thread 0x0000000015e40800 Uncommon trap: reason=class_check action=maybe_recompile pc=0x0000000002865108 method=java.util.Arrays.hashCode([Ljava/lang/Object;)I @ 43
Event: 7.645 Thread 0x0000000015e40800 Uncommon trap: reason=class_check action=maybe_recompile pc=0x0000000002865108 method=java.util.Arrays.hashCode([Ljava/lang/Object;)I @ 43
Event: 7.645 Thread 0x0000000015e40800 Uncommon trap: reason=class_check action=maybe_recompile pc=0x0000000002865108 method=java.util.Arrays.hashCode([Ljava/lang/Object;)I @ 43
Event: 7.645 Thread 0x0000000015e40800 Uncommon trap: reason=class_check action=maybe_recompile pc=0x0000000002865108 method=java.util.Arrays.hashCode([Ljava/lang/Object;)I @ 43
Event: 7.645 Thread 0x0000000015e40800 Uncommon trap: reason=class_check action=maybe_recompile pc=0x000000000283b3b4 method=java.util.Arrays.hashCode([Ljava/lang/Object;)I @ 43
Event: 7.681 Thread 0x0000000015e40800 Uncommon trap: reason=bimorphic action=maybe_recompile pc=0x0000000002928234 method=java.util.HashMap.putVal(ILjava/lang/Object;Ljava/lang/Object;ZZ)Ljava/lang/Object; @ 203
Event: 8.059 Thread 0x0000000015e40800 Uncommon trap: reason=speculate_class_check action=maybe_recompile pc=0x0000000002735030 method=com.android.dx.util.FixedSizeList.equals(Ljava/lang/Object;)Z @ 25
Event: 8.121 Thread 0x0000000015e40800 Uncommon trap: reason=speculate_class_check action=maybe_recompile pc=0x0000000002735030 method=com.android.dx.util.FixedSizeList.equals(Ljava/lang/Object;)Z @ 25
Event: 8.121 Thread 0x0000000015e40800 Uncommon trap: reason=speculate_class_check action=maybe_recompile pc=0x0000000002735030 method=com.android.dx.util.FixedSizeList.equals(Ljava/lang/Object;)Z @ 25
Event: 8.121 Thread 0x0000000015e40800 Uncommon trap: reason=speculate_class_check action=maybe_recompile pc=0x0000000002735030 method=com.android.dx.util.FixedSizeList.equals(Ljava/lang/Object;)Z @ 25

Internal exceptions (6 events):
Event: 0.065 Thread 0x0000000002170800 Exception <a 'java/lang/NoSuchMethodError': Method sun.misc.Unsafe.defineClass(Ljava/lang/String;[BII)Ljava/lang/Class; name or signature does not match> (0x00000000eab0d6a8) thrown at [C:\workspace\8-2-build-windows-amd64-cygwin\jdk8u65\4987\hotspot\src\s/Ø€]iƒ∞?
Event: 0.065 Thread 0x0000000002170800 Exception <a 'java/lang/NoSuchMethodError': Method sun.misc.Unsafe.prefetchRead(Ljava/lang/Object;J)V name or signature does not match> (0x00000000eab0d990) thrown at [C:\workspace\8-2-build-windows-amd64-cygwin\jdk8u65\4987\hotspot\src\share\vm\prims\jni.\ê™ÚΩ@
Event: 2.378 Thread 0x0000000015e44000 Implicit null exception at 0x0000000002646409 to 0x0000000002647f69
Event: 4.896 Thread 0x0000000015e44000 Exception <a 'java/lang/ArrayIndexOutOfBoundsException': 18> (0x00000000ecc898a0) thrown at [C:\workspace\8-2-build-windows-amd64-cygwin\jdk8u65\4987\hotspot\src\share\vm\interpreter\interpreterRuntime.cpp, line 366]
Event: 4.897 Thread 0x0000000015e44000 Exception <a 'java/lang/ArrayIndexOutOfBoundsException'> (0x00000000ecc8b420) thrown at [C:\workspace\8-2-build-windows-amd64-cygwin\jdk8u65\4987\hotspot\src\share\vm\runtime\sharedRuntime.cpp, line 605]
Event: 4.897 Thread 0x0000000015e44000 Exception <a 'java/lang/ArrayIndexOutOfBoundsException'> (0x00000000ecc8c708) thrown at [C:\workspace\8-2-build-windows-amd64-cygwin\jdk8u65\4987\hotspot\src\share\vm\runtime\sharedRuntime.cpp, line 605]

Events (10 events):
Event: 8.199 Thread 0x0000000015e40800 DEOPT PACKING pc=0x0000000002b5dc5e sp=0x0000000017dfeaf0
Event: 8.199 Thread 0x0000000015e40800 DEOPT UNPACKING pc=0x00000000023b787f sp=0x0000000017dfe878 mode 0
Event: 8.205 Thread 0x0000000015e40800 DEOPT PACKING pc=0x0000000002b57751 sp=0x0000000017dfead0
Event: 8.205 Thread 0x0000000015e40800 DEOPT UNPACKING pc=0x00000000023b787f sp=0x0000000017dfe858 mode 0
Event: 8.219 Thread 0x0000000015e40800 DEOPT PACKING pc=0x0000000002b485a2 sp=0x0000000017dfe970
Event: 8.219 Thread 0x0000000015e40800 DEOPT UNPACKING pc=0x00000000023b787f sp=0x0000000017dfe6f0 mode 0
Event: 8.347 Thread 0x0000000015e40800 DEOPT PACKING pc=0x0000000002b657c0 sp=0x0000000017dfe9e0
Event: 8.347 Thread 0x0000000015e40800 DEOPT UNPACKING pc=0x00000000023b787f sp=0x0000000017dfe708 mode 0
Event: 8.445 Thread 0x0000000015e40800 DEOPT PACKING pc=0x0000000002b68c21 sp=0x0000000017dfea90
Event: 8.445 Thread 0x0000000015e40800 DEOPT UNPACKING pc=0x00000000023b787f sp=0x0000000017dfe898 mode 0


Dynamic libraries:
0x00007ff7b9380000 - 0x00007ff7b93b7000 	C:\Program Files\Java\jdk1.8.0_65\bin\java.exe
0x00007fffcf9a0000 - 0x00007fffcfb61000 	C:\WINDOWS\SYSTEM32\ntdll.dll
0x00007fffcf080000 - 0x00007fffcf12d000 	C:\WINDOWS\system32\KERNEL32.DLL
0x00007fffcc6a0000 - 0x00007fffcc888000 	C:\WINDOWS\system32\KERNELBASE.dll
0x00007fffcf8f0000 - 0x00007fffcf997000 	C:\WINDOWS\system32\ADVAPI32.dll
0x00007fffccda0000 - 0x00007fffcce3d000 	C:\WINDOWS\system32\msvcrt.dll
0x00007fffcf890000 - 0x00007fffcf8eb000 	C:\WINDOWS\system32\sechost.dll
0x00007fffcf170000 - 0x00007fffcf28c000 	C:\WINDOWS\system32\RPCRT4.dll
0x00007fffcf290000 - 0x00007fffcf3e6000 	C:\WINDOWS\system32\USER32.dll
0x00007fffceef0000 - 0x00007fffcf076000 	C:\WINDOWS\system32\GDI32.dll
0x00007fffc4ac0000 - 0x00007fffc4d34000 	C:\WINDOWS\WinSxS\amd64_microsoft.windows.common-controls_6595b64144ccf1df_6.0.10586.0_none_8c15ae12515e1c22\COMCTL32.dll
0x00007fffceac0000 - 0x00007fffced3d000 	C:\WINDOWS\system32\combase.dll
0x00007fffcc940000 - 0x00007fffcc9aa000 	C:\WINDOWS\system32\bcryptPrimitives.dll
0x00007fffcf630000 - 0x00007fffcf66b000 	C:\WINDOWS\system32\IMM32.DLL
0x0000000071300000 - 0x00000000713d2000 	C:\Program Files\Java\jdk1.8.0_65\jre\bin\msvcr100.dll
0x0000000070a70000 - 0x00000000712f9000 	C:\Program Files\Java\jdk1.8.0_65\jre\bin\server\jvm.dll
0x00007fffcf5c0000 - 0x00007fffcf5c8000 	C:\WINDOWS\system32\PSAPI.DLL
0x00007fffc8f50000 - 0x00007fffc8f59000 	C:\WINDOWS\SYSTEM32\WSOCK32.dll
0x00007fffcf3f0000 - 0x00007fffcf45b000 	C:\WINDOWS\system32\WS2_32.dll
0x00007fffca6f0000 - 0x00007fffca713000 	C:\WINDOWS\SYSTEM32\WINMM.dll
0x00007fffc74f0000 - 0x00007fffc74fa000 	C:\WINDOWS\SYSTEM32\VERSION.dll
0x00007fffca580000 - 0x00007fffca5ac000 	C:\WINDOWS\SYSTEM32\WINMMBASE.dll
0x00007fffcc9b0000 - 0x00007fffcc9f3000 	C:\WINDOWS\system32\cfgmgr32.dll
0x0000000070a60000 - 0x0000000070a6f000 	C:\Program Files\Java\jdk1.8.0_65\jre\bin\verify.dll
0x0000000070a30000 - 0x0000000070a59000 	C:\Program Files\Java\jdk1.8.0_65\jre\bin\java.dll
0x0000000070a10000 - 0x0000000070a26000 	C:\Program Files\Java\jdk1.8.0_65\jre\bin\zip.dll
0x00007fffcd560000 - 0x00007fffceabc000 	C:\WINDOWS\system32\SHELL32.dll
0x00007fffcc050000 - 0x00007fffcc694000 	C:\WINDOWS\system32\windows.storage.dll
0x00007fffcf830000 - 0x00007fffcf882000 	C:\WINDOWS\system32\shlwapi.dll
0x00007fffcc030000 - 0x00007fffcc03f000 	C:\WINDOWS\system32\kernel.appcore.dll
0x00007fffcca20000 - 0x00007fffccad5000 	C:\WINDOWS\system32\shcore.dll
0x00007fffcbfe0000 - 0x00007fffcc02b000 	C:\WINDOWS\system32\powrprof.dll
0x00007fffcbfc0000 - 0x00007fffcbfd4000 	C:\WINDOWS\system32\profapi.dll

VM Arguments:
jvm_args: -Djava.awt.headless=true -Xmx1024M -Dfile.encoding=windows-1252 -Duser.country=ES -Duser.language=es -Duser.variant 
java_command: com.android.dx.command.Main --dex --force-jumbo --num-threads=4 --multi-dex --output C:\Users\kuyyb\Desktop\dam2\pruebalogin2\app\build\intermediates\transforms\dex\debug\folders\1000\10\com.android.support-appcompat-v7-23.1.1_1f6a3adbf46201d8bba8ddcea3313ee08f296216 C:\Users\kuyyb\Desktop\dam2\pruebalogin2\app\build\intermediates\exploded-aar\com.android.support\appcompat-v7\23.1.1\jars\classes.jar
java_class_path (initial): C:\Users\kuyyb\AppData\Local\Android\sdk\build-tools\23.0.2\lib\dx.jar
Launcher Type: SUN_STANDARD

Environment Variables:
PATH=C:\ProgramData\Oracle\Java\javapath;C:\WINDOWS\system32;C:\WINDOWS;C:\WINDOWS\System32\Wbem;C:\WINDOWS\System32\WindowsPowerShell\v1.0\;C:\Program Files (x86)\NVIDIA Corporation\PhysX\Common;C:\WINDOWS\system32;C:\WINDOWS;C:\WINDOWS\System32\Wbem;C:\WINDOWS\System32\WindowsPowerShell\v1.0\;C:\Program Files\nodejs\;C:\Program Files (x86)\Skype\Phone\;C:\Users\kuyyb\Desktop\dam2\phyton\Django-1.9.1\django\bin;C:\Users\kuyyb\AppData\Local\Programs\Git\cmd;C:\Program Files (x86)\scala\bin;C:\Program Files (x86)\GtkSharp\2.12\bin;C:\Ruby22-x64\bin;C:\Users\kuyyb\AppData\Roaming\npm;C:\Users\kuyyb\AppData\Local\Programs\Git\cmd;C:\Python27;C:\Python27\python.exe;C:\Python27\Scripts\;C:\Python27\lib\site_packages\django\bin;C:\sqlite
USERNAME=kuyyb
OS=Windows_NT
PROCESSOR_IDENTIFIER=Intel64 Family 6 Model 61 Stepping 4, GenuineIntel



---------------  S Y S T E M  ---------------

OS: Windows 10.0 , 64 bit Build 10586 (10.0.10586.0)

CPU:total 2 (2 cores per cpu, 2 threads per core) family 6 model 61 stepping 4, cmov, cx8, fxsr, mmx, sse, sse2, sse3, ssse3, sse4.1, sse4.2, popcnt, avx, avx2, aes, clmul, erms, 3dnowpref, lzcnt, ht, tsc, tscinvbit, bmi1, bmi2, adx

Memory: 4k page, physical 8300688k(682900k free), swap 10348688k(6284k free)

vm_info: Java HotSpot(TM) 64-Bit Server VM (25.65-b01) for windows-amd64 JRE (1.8.0_65-b17), built on Oct  6 2015 16:39:20 by "java_re" with MS VC++ 10.0 (VS2010)

time: Wed May 25 18:55:47 2016
elapsed time: 8 seconds (0d 0h 0m 8s)

